This file contains any messages produced by compilers while
running configure, to aid debugging if configure makes a mistake.

configure:592: checking host system type
configure:613: checking target system type
configure:631: checking build system type
configure:671: checking for a BSD compatible install
configure:724: checking whether build environment is sane
configure:781: checking whether make sets ${MAKE}
configure:827: checking for working aclocal
configure:840: checking for working autoconf
configure:853: checking for working automake
configure:866: checking for working autoheader
configure:879: checking for working makeinfo
configure:902: checking for gcc
configure:1015: checking whether the C compiler (gcc  ) works
configure:1031: gcc -o conftest    conftest.c  1>&5
configure:1057: checking whether the C compiler (gcc  ) is a cross-compiler
configure:1062: checking whether we are using GNU C
configure:1090: checking whether gcc accepts -g
configure:1125: checking for ar
configure:1229: checking for ranlib
configure:1268: checking for ld used by GCC
configure:1330: checking if the linker (/usr/bin/ld) is GNU ld
configure:1346: checking for BSD-compatible nm
configure:1382: checking whether ln -s works
ltconfig:585: checking if gcc PIC flag -fPIC works
ltconfig:586: gcc -c -g -O2 -fPIC -DPIC  conftest.c 1>&5
ltconfig:629: checking if gcc static flag -static works
ltconfig:630: gcc -o conftest -g -O2   -static conftest.c  1>&5
/usr/bin/ld: cannot find -lc
collect2: error: ld returned 1 exit status
GNU ld version 2.27-28.base.el7_5.1
ltconfig:1013: checking if global_symbol_pipe works
ltconfig:1014: gcc -c -g -O2  conftest.c 1>&5
ltconfig:1017: eval "/usr/bin/nm -B conftest.o | sed -n -e 's/^.* [ABCDGISTUW] \([_A-Za-z][_A-Za-z0-9]*\)$/\1 \1/p' > conftest.nm"
ltconfig:1075: gcc -o conftest -g -O2 -fno-builtin   conftest.c conftestm.o 1>&5
configure:1573: checking whether to include shadow password support
configure:1595: checking for gethostbyname in -lnsl
configure:1614: gcc -o conftest -g -O2   conftest.c -lnsl   1>&5
configure:1642: checking for socket in -lsocket
configure:1661: gcc -o conftest -g -O2   conftest.c -lsocket  -lnsl  1>&5
/usr/bin/ld: cannot find -lsocket
collect2: error: ld returned 1 exit status
configure: failed program was:
#line 1650 "configure"
#include "confdefs.h"
/* Override any gcc2 internal prototype to avoid an error.  */
/* We use char because int might match the return type of a gcc2
    builtin and then its argument prototype would still apply.  */
char socket();

int main() {
socket()
; return 0; }
configure:1774: checking for crypt in -lcrypt
configure:1793: gcc -o conftest -g -O2   conftest.c -lcrypt  -lnsl  1>&5
configure:1826: checking for dirent.h that defines DIR
configure:1839: gcc -c -g -O2  conftest.c 1>&5
configure:1864: checking for opendir in -ldir
configure:1883: gcc -o conftest -g -O2   conftest.c -ldir  -lcrypt -lnsl  1>&5
/usr/bin/ld: cannot find -ldir
collect2: error: ld returned 1 exit status
configure: failed program was:
#line 1872 "configure"
#include "confdefs.h"
/* Override any gcc2 internal prototype to avoid an error.  */
/* We use char because int might match the return type of a gcc2
    builtin and then its argument prototype would still apply.  */
char opendir();

int main() {
opendir()
; return 0; }
configure:1947: checking how to run the C preprocessor
configure:1968: gcc -E  conftest.c >/dev/null 2>conftest.out
configure:2027: checking for ANSI C header files
configure:2040: gcc -E  conftest.c >/dev/null 2>conftest.out
configure:2107: gcc -o conftest -g -O2   conftest.c -lcrypt -lnsl  1>&5
configure: In function 'main':
configure:2102:67: warning: incompatible implicit declaration of built-in function 'exit' [enabled by default]
 if (XOR (islower (i), ISLOWER (i)) || toupper (i) != TOUPPER (i)) exit(2);
                                                                   ^
configure:2134: checking for crypt.h
configure:2144: gcc -E  conftest.c >/dev/null 2>conftest.out
configure:2134: checking for signal.h
configure:2144: gcc -E  conftest.c >/dev/null 2>conftest.out
configure:2134: checking for sys/signal.h
configure:2144: gcc -E  conftest.c >/dev/null 2>conftest.out
configure:2134: checking for sys/stat.h
configure:2144: gcc -E  conftest.c >/dev/null 2>conftest.out
configure:2174: checking for fcntl.h
configure:2184: gcc -E  conftest.c >/dev/null 2>conftest.out
configure:2174: checking for sys/fcntl.h
configure:2184: gcc -E  conftest.c >/dev/null 2>conftest.out
configure:2214: checking for sys/utsname.h
configure:2224: gcc -E  conftest.c >/dev/null 2>conftest.out
configure:2214: checking for getopt.h
configure:2224: gcc -E  conftest.c >/dev/null 2>conftest.out
configure:2214: checking for unistd.h
configure:2224: gcc -E  conftest.c >/dev/null 2>conftest.out
configure:2254: checking for sys/file.h
configure:2264: gcc -E  conftest.c >/dev/null 2>conftest.out
configure:2254: checking for termios.h
configure:2264: gcc -E  conftest.c >/dev/null 2>conftest.out
configure:2254: checking for sys/ioctl.h
configure:2264: gcc -E  conftest.c >/dev/null 2>conftest.out
configure:2329: checking for working const
configure:2383: gcc -c -g -O2  conftest.c 1>&5
configure:2404: checking for off_t
configure:2437: checking for size_t
configure:2470: checking whether time.h and sys/time.h may both be included
configure:2484: gcc -c -g -O2  conftest.c 1>&5
configure:2505: checking whether struct tm is in sys/time.h or time.h
configure:2518: gcc -c -g -O2  conftest.c 1>&5
configure:2541: checking whether gcc needs -traditional
configure:2587: checking for 8-bit clean memcmp
configure:2605: gcc -o conftest -g -O2   conftest.c -lcrypt -lnsl  1>&5
configure: In function 'main':
configure:2600:3: warning: incompatible implicit declaration of built-in function 'exit' [enabled by default]
   exit(memcmp(&c0, &c2, 1) < 0 && memcmp(&c1, &c2, 1) < 0 ? 0 : 1);
   ^
configure:2623: checking whether setvbuf arguments are reversed
configure:2645: gcc -o conftest -g -O2   conftest.c -lcrypt -lnsl  1>&5
configure: In function 'main':
configure:2638:3: warning: passing argument 2 of 'setvbuf' makes pointer from integer without a cast [enabled by default]
   if (setvbuf(stdout, _IOLBF, (char *) main, BUFSIZ) != 0)
   ^
In file included from configure:2632:0:
/usr/include/stdio.h:336:12: note: expected 'char * __restrict__' but argument is of type 'int'
 extern int setvbuf (FILE *__restrict __stream, char *__restrict __buf,
            ^
configure:2638:3: warning: passing argument 3 of 'setvbuf' makes integer from pointer without a cast [enabled by default]
   if (setvbuf(stdout, _IOLBF, (char *) main, BUFSIZ) != 0)
   ^
In file included from configure:2632:0:
/usr/include/stdio.h:336:12: note: expected 'int' but argument is of type 'char *'
 extern int setvbuf (FILE *__restrict __stream, char *__restrict __buf,
            ^
configure:2639:5: warning: incompatible implicit declaration of built-in function 'exit' [enabled by default]
     exit(1);
     ^
configure: failed program was:
#line 2631 "configure"
#include "confdefs.h"
#include <stdio.h>
/* If setvbuf has the reversed format, exit 0. */
main () {
  /* This call has the arguments reversed.
     A reversed system may check and see that the address of main
     is not _IOLBF, _IONBF, or _IOFBF, and return nonzero.  */
  if (setvbuf(stdout, _IOLBF, (char *) main, BUFSIZ) != 0)
    exit(1);
  putc('\r', stdout);
  exit(0);			/* Non-reversed systems segv here.  */
}
configure:2669: checking return type of signal handlers
configure:2691: gcc -c -g -O2  conftest.c 1>&5
configure:2710: checking for strftime
configure:2738: gcc -o conftest -g -O2   conftest.c -lcrypt -lnsl  1>&5
configure:2722:6: warning: conflicting types for built-in function 'strftime' [enabled by default]
 char strftime();
      ^
configure:2808: checking for strdup
configure:2836: gcc -o conftest -g -O2   conftest.c -lcrypt -lnsl  1>&5
configure:2820:6: warning: conflicting types for built-in function 'strdup' [enabled by default]
 char $ac_func();
      ^
configure:2808: checking for strerror
configure:2836: gcc -o conftest -g -O2   conftest.c -lcrypt -lnsl  1>&5
configure:2808: checking for strcasecmp
configure:2836: gcc -o conftest -g -O2   conftest.c -lcrypt -lnsl  1>&5
configure:2820:6: warning: conflicting types for built-in function 'strcasecmp' [enabled by default]
 char $ac_func();
      ^
configure:2865: checking for flock
configure:2893: gcc -o conftest -g -O2   conftest.c -lcrypt -lnsl  1>&5
configure:2865: checking for fcntl
configure:2893: gcc -o conftest -g -O2   conftest.c -lcrypt -lnsl  1>&5
configure:2865: checking for uname
configure:2893: gcc -o conftest -g -O2   conftest.c -lcrypt -lnsl  1>&5
configure:2865: checking for gethostname
configure:2893: gcc -o conftest -g -O2   conftest.c -lcrypt -lnsl  1>&5
configure:2865: checking for sysinfo
configure:2893: gcc -o conftest -g -O2   conftest.c -lcrypt -lnsl  1>&5
configure:2865: checking for getdomainname
configure:2893: gcc -o conftest -g -O2   conftest.c -lcrypt -lnsl  1>&5
configure:2920: checking for stricmp
configure:2948: gcc -o conftest -g -O2   conftest.c -lcrypt -lnsl  1>&5
/tmp/ccDTc1LJ.o: In function `main':
/root/radiusclient-0.3.2/configure:2942: undefined reference to `stricmp'
collect2: error: ld returned 1 exit status
configure: failed program was:
#line 2925 "configure"
#include "confdefs.h"
/* System header to define __stub macros and hopefully few prototypes,
    which can conflict with char stricmp(); below.  */
#include <assert.h>
/* Override any gcc2 internal prototype to avoid an error.  */
/* We use char because int might match the return type of a gcc2
    builtin and then its argument prototype would still apply.  */
char stricmp();

int main() {

/* The GNU C library defines this for functions which it implements
    to always fail with ENOSYS.  Some functions are actually named
    something starting with __ and the normal name is an alias.  */
#if defined (__stub_stricmp) || defined (__stub___stricmp)
choke me
#else
stricmp();
#endif

; return 0; }
configure:2920: checking for random
configure:2948: gcc -o conftest -g -O2   conftest.c -lcrypt -lnsl  1>&5
configure:2920: checking for rand
configure:2948: gcc -o conftest -g -O2   conftest.c -lcrypt -lnsl  1>&5
configure:2920: checking for snprintf
configure:2948: gcc -o conftest -g -O2   conftest.c -lcrypt -lnsl  1>&5
configure:2932:6: warning: conflicting types for built-in function 'snprintf' [enabled by default]
 char $ac_func();
      ^
configure:2920: checking for vsnprintf
configure:2948: gcc -o conftest -g -O2   conftest.c -lcrypt -lnsl  1>&5
configure:2932:6: warning: conflicting types for built-in function 'vsnprintf' [enabled by default]
 char $ac_func();
      ^
configure:2976: checking for field domainname in struct utsname
configure:2993: gcc -o conftest -g -O2   conftest.c -lcrypt -lnsl  1>&5
configure: In function 'main':
configure:2988:6: error: 'struct utsname' has no member named 'domainname'
   uts.domainname[0] = '\0';
      ^
configure: failed program was:
#line 2981 "configure"
#include "confdefs.h"

	#include <sys/utsname.h>
	
	main(int argc, char **argv)
	{
		struct utsname uts;
		uts.domainname[0] = '\0';
	}
	
configure:3013: checking for /dev/urandom
configure:3043: checking which syslog facility to use
configure:3061: checking whether to include Livingston's RADIUS server 1.16 kludge
configure:3086: checking whether to add service type hints derived from username prefix
